<?xml version="1.0" encoding="UTF-8"?>
<testng-results skipped="0" failed="0" ignored="0" total="1" passed="1">
  <reporter-output>
  </reporter-output>
  <suite name="Suite" duration-ms="42829" started-at="2020-09-09T13:55:25 IST" finished-at="2020-09-09T13:56:08 IST">
    <groups>
    </groups>
    <test name="Test" duration-ms="42829" started-at="2020-09-09T13:55:25 IST" finished-at="2020-09-09T13:56:08 IST">
      <class name="EventHandling.WindowHandling">
        <test-method status="PASS" signature="browserLaunch()[pri:0, instance:EventHandling.WindowHandling@1dfe2924]" name="browserLaunch" duration-ms="42679" started-at="2020-09-09T13:55:25 IST" finished-at="2020-09-09T13:56:07 IST">
          <reporter-output>
          </reporter-output>
        </test-method> <!-- browserLaunch -->
      </class> <!-- EventHandling.WindowHandling -->
    </test> <!-- Test -->
  </suite> <!-- Suite -->
</testng-results>
